ARM GAS  C:\Users\ep_ygh\AppData\Local\Temp\ccDaupTf.s 			page 1


   1              		.cpu cortex-m4
   2              		.arch armv7e-m
   3              		.fpu fpv4-sp-d16
   4              		.eabi_attribute 27, 1
   5              		.eabi_attribute 28, 1
   6              		.eabi_attribute 20, 1
   7              		.eabi_attribute 21, 1
   8              		.eabi_attribute 23, 3
   9              		.eabi_attribute 24, 1
  10              		.eabi_attribute 25, 1
  11              		.eabi_attribute 26, 1
  12              		.eabi_attribute 30, 6
  13              		.eabi_attribute 34, 1
  14              		.eabi_attribute 18, 4
  15              		.file	"stm32f4xx_hal_dma_ex.c"
  16              		.text
  17              	.Ltext0:
  18              		.cfi_sections	.debug_frame
  19              		.section	.rodata
  20              		.align	2
  21              	.LC0:
  22 0000 44726976 		.ascii	"Drivers/STM32F4xx_HAL_Driver/Src/stm32f4xx_hal_dma_"
  22      6572732F 
  22      53544D33 
  22      32463478 
  22      785F4841 
  23 0033 65782E63 		.ascii	"ex.c\000"
  23      00
  24              		.section	.text.HAL_DMAEx_MultiBufferStart,"ax",%progbits
  25              		.align	1
  26              		.global	HAL_DMAEx_MultiBufferStart
  27              		.syntax unified
  28              		.thumb
  29              		.thumb_func
  31              	HAL_DMAEx_MultiBufferStart:
  32              	.LFB128:
  33              		.file 1 "Drivers/STM32F4xx_HAL_Driver/Src/stm32f4xx_hal_dma_ex.c"
   1:Drivers/STM32F4xx_HAL_Driver/Src/stm32f4xx_hal_dma_ex.c **** /**
   2:Drivers/STM32F4xx_HAL_Driver/Src/stm32f4xx_hal_dma_ex.c ****   ******************************************************************************
   3:Drivers/STM32F4xx_HAL_Driver/Src/stm32f4xx_hal_dma_ex.c ****   * @file    stm32f4xx_hal_dma_ex.c
   4:Drivers/STM32F4xx_HAL_Driver/Src/stm32f4xx_hal_dma_ex.c ****   * @author  MCD Application Team
   5:Drivers/STM32F4xx_HAL_Driver/Src/stm32f4xx_hal_dma_ex.c ****   * @version V1.4.1
   6:Drivers/STM32F4xx_HAL_Driver/Src/stm32f4xx_hal_dma_ex.c ****   * @date    09-October-2015
   7:Drivers/STM32F4xx_HAL_Driver/Src/stm32f4xx_hal_dma_ex.c ****   * @brief   DMA Extension HAL module driver
   8:Drivers/STM32F4xx_HAL_Driver/Src/stm32f4xx_hal_dma_ex.c ****   *         This file provides firmware functions to manage the following 
   9:Drivers/STM32F4xx_HAL_Driver/Src/stm32f4xx_hal_dma_ex.c ****   *         functionalities of the DMA Extension peripheral:
  10:Drivers/STM32F4xx_HAL_Driver/Src/stm32f4xx_hal_dma_ex.c ****   *           + Extended features functions
  11:Drivers/STM32F4xx_HAL_Driver/Src/stm32f4xx_hal_dma_ex.c ****   *
  12:Drivers/STM32F4xx_HAL_Driver/Src/stm32f4xx_hal_dma_ex.c ****   @verbatim
  13:Drivers/STM32F4xx_HAL_Driver/Src/stm32f4xx_hal_dma_ex.c ****   ==============================================================================
  14:Drivers/STM32F4xx_HAL_Driver/Src/stm32f4xx_hal_dma_ex.c ****                         ##### How to use this driver #####
  15:Drivers/STM32F4xx_HAL_Driver/Src/stm32f4xx_hal_dma_ex.c ****   ==============================================================================
  16:Drivers/STM32F4xx_HAL_Driver/Src/stm32f4xx_hal_dma_ex.c ****   [..]
  17:Drivers/STM32F4xx_HAL_Driver/Src/stm32f4xx_hal_dma_ex.c ****   The DMA Extension HAL driver can be used as follows:
  18:Drivers/STM32F4xx_HAL_Driver/Src/stm32f4xx_hal_dma_ex.c ****    (#) Start a multi buffer transfer using the HAL_DMA_MultiBufferStart() function
  19:Drivers/STM32F4xx_HAL_Driver/Src/stm32f4xx_hal_dma_ex.c ****        for polling mode or HAL_DMA_MultiBufferStart_IT() for interrupt mode.
  20:Drivers/STM32F4xx_HAL_Driver/Src/stm32f4xx_hal_dma_ex.c ****                    
ARM GAS  C:\Users\ep_ygh\AppData\Local\Temp\ccDaupTf.s 			page 2


  21:Drivers/STM32F4xx_HAL_Driver/Src/stm32f4xx_hal_dma_ex.c ****      -@-  In Memory-to-Memory transfer mode, Multi (Double) Buffer mode is not allowed.
  22:Drivers/STM32F4xx_HAL_Driver/Src/stm32f4xx_hal_dma_ex.c ****      -@-  When Multi (Double) Buffer mode is enabled the, transfer is circular by default.
  23:Drivers/STM32F4xx_HAL_Driver/Src/stm32f4xx_hal_dma_ex.c ****      -@-  In Multi (Double) buffer mode, it is possible to update the base address for 
  24:Drivers/STM32F4xx_HAL_Driver/Src/stm32f4xx_hal_dma_ex.c ****           the AHB memory port on the fly (DMA_SxM0AR or DMA_SxM1AR) when the stream is enabled. 
  25:Drivers/STM32F4xx_HAL_Driver/Src/stm32f4xx_hal_dma_ex.c ****   
  26:Drivers/STM32F4xx_HAL_Driver/Src/stm32f4xx_hal_dma_ex.c ****   @endverbatim
  27:Drivers/STM32F4xx_HAL_Driver/Src/stm32f4xx_hal_dma_ex.c ****   ******************************************************************************
  28:Drivers/STM32F4xx_HAL_Driver/Src/stm32f4xx_hal_dma_ex.c ****   * @attention
  29:Drivers/STM32F4xx_HAL_Driver/Src/stm32f4xx_hal_dma_ex.c ****   *
  30:Drivers/STM32F4xx_HAL_Driver/Src/stm32f4xx_hal_dma_ex.c ****   * <h2><center>&copy; COPYRIGHT(c) 2015 STMicroelectronics</center></h2>
  31:Drivers/STM32F4xx_HAL_Driver/Src/stm32f4xx_hal_dma_ex.c ****   *
  32:Drivers/STM32F4xx_HAL_Driver/Src/stm32f4xx_hal_dma_ex.c ****   * Redistribution and use in source and binary forms, with or without modification,
  33:Drivers/STM32F4xx_HAL_Driver/Src/stm32f4xx_hal_dma_ex.c ****   * are permitted provided that the following conditions are met:
  34:Drivers/STM32F4xx_HAL_Driver/Src/stm32f4xx_hal_dma_ex.c ****   *   1. Redistributions of source code must retain the above copyright notice,
  35:Drivers/STM32F4xx_HAL_Driver/Src/stm32f4xx_hal_dma_ex.c ****   *      this list of conditions and the following disclaimer.
  36:Drivers/STM32F4xx_HAL_Driver/Src/stm32f4xx_hal_dma_ex.c ****   *   2. Redistributions in binary form must reproduce the above copyright notice,
  37:Drivers/STM32F4xx_HAL_Driver/Src/stm32f4xx_hal_dma_ex.c ****   *      this list of conditions and the following disclaimer in the documentation
  38:Drivers/STM32F4xx_HAL_Driver/Src/stm32f4xx_hal_dma_ex.c ****   *      and/or other materials provided with the distribution.
  39:Drivers/STM32F4xx_HAL_Driver/Src/stm32f4xx_hal_dma_ex.c ****   *   3. Neither the name of STMicroelectronics nor the names of its contributors
  40:Drivers/STM32F4xx_HAL_Driver/Src/stm32f4xx_hal_dma_ex.c ****   *      may be used to endorse or promote products derived from this software
  41:Drivers/STM32F4xx_HAL_Driver/Src/stm32f4xx_hal_dma_ex.c ****   *      without specific prior written permission.
  42:Drivers/STM32F4xx_HAL_Driver/Src/stm32f4xx_hal_dma_ex.c ****   *
  43:Drivers/STM32F4xx_HAL_Driver/Src/stm32f4xx_hal_dma_ex.c ****   * THIS SOFTWARE IS PROVIDED BY THE COPYRIGHT HOLDERS AND CONTRIBUTORS "AS IS"
  44:Drivers/STM32F4xx_HAL_Driver/Src/stm32f4xx_hal_dma_ex.c ****   * AND ANY EXPRESS OR IMPLIED WARRANTIES, INCLUDING, BUT NOT LIMITED TO, THE
  45:Drivers/STM32F4xx_HAL_Driver/Src/stm32f4xx_hal_dma_ex.c ****   * IMPLIED WARRANTIES OF MERCHANTABILITY AND FITNESS FOR A PARTICULAR PURPOSE ARE
  46:Drivers/STM32F4xx_HAL_Driver/Src/stm32f4xx_hal_dma_ex.c ****   * DISCLAIMED. IN NO EVENT SHALL THE COPYRIGHT HOLDER OR CONTRIBUTORS BE LIABLE
  47:Drivers/STM32F4xx_HAL_Driver/Src/stm32f4xx_hal_dma_ex.c ****   * FOR ANY DIRECT, INDIRECT, INCIDENTAL, SPECIAL, EXEMPLARY, OR CONSEQUENTIAL
  48:Drivers/STM32F4xx_HAL_Driver/Src/stm32f4xx_hal_dma_ex.c ****   * DAMAGES (INCLUDING, BUT NOT LIMITED TO, PROCUREMENT OF SUBSTITUTE GOODS OR
  49:Drivers/STM32F4xx_HAL_Driver/Src/stm32f4xx_hal_dma_ex.c ****   * SERVICES; LOSS OF USE, DATA, OR PROFITS; OR BUSINESS INTERRUPTION) HOWEVER
  50:Drivers/STM32F4xx_HAL_Driver/Src/stm32f4xx_hal_dma_ex.c ****   * CAUSED AND ON ANY THEORY OF LIABILITY, WHETHER IN CONTRACT, STRICT LIABILITY,
  51:Drivers/STM32F4xx_HAL_Driver/Src/stm32f4xx_hal_dma_ex.c ****   * OR TORT (INCLUDING NEGLIGENCE OR OTHERWISE) ARISING IN ANY WAY OUT OF THE USE
  52:Drivers/STM32F4xx_HAL_Driver/Src/stm32f4xx_hal_dma_ex.c ****   * OF THIS SOFTWARE, EVEN IF ADVISED OF THE POSSIBILITY OF SUCH DAMAGE.
  53:Drivers/STM32F4xx_HAL_Driver/Src/stm32f4xx_hal_dma_ex.c ****   *
  54:Drivers/STM32F4xx_HAL_Driver/Src/stm32f4xx_hal_dma_ex.c ****   ******************************************************************************
  55:Drivers/STM32F4xx_HAL_Driver/Src/stm32f4xx_hal_dma_ex.c ****   */
  56:Drivers/STM32F4xx_HAL_Driver/Src/stm32f4xx_hal_dma_ex.c **** 
  57:Drivers/STM32F4xx_HAL_Driver/Src/stm32f4xx_hal_dma_ex.c **** /* Includes ------------------------------------------------------------------*/
  58:Drivers/STM32F4xx_HAL_Driver/Src/stm32f4xx_hal_dma_ex.c **** #include "stm32f4xx_hal.h"
  59:Drivers/STM32F4xx_HAL_Driver/Src/stm32f4xx_hal_dma_ex.c **** 
  60:Drivers/STM32F4xx_HAL_Driver/Src/stm32f4xx_hal_dma_ex.c **** /** @addtogroup STM32F4xx_HAL_Driver
  61:Drivers/STM32F4xx_HAL_Driver/Src/stm32f4xx_hal_dma_ex.c ****   * @{
  62:Drivers/STM32F4xx_HAL_Driver/Src/stm32f4xx_hal_dma_ex.c ****   */
  63:Drivers/STM32F4xx_HAL_Driver/Src/stm32f4xx_hal_dma_ex.c **** 
  64:Drivers/STM32F4xx_HAL_Driver/Src/stm32f4xx_hal_dma_ex.c **** /** @defgroup DMAEx DMAEx
  65:Drivers/STM32F4xx_HAL_Driver/Src/stm32f4xx_hal_dma_ex.c ****   * @brief DMA Extended HAL module driver
  66:Drivers/STM32F4xx_HAL_Driver/Src/stm32f4xx_hal_dma_ex.c ****   * @{
  67:Drivers/STM32F4xx_HAL_Driver/Src/stm32f4xx_hal_dma_ex.c ****   */
  68:Drivers/STM32F4xx_HAL_Driver/Src/stm32f4xx_hal_dma_ex.c **** 
  69:Drivers/STM32F4xx_HAL_Driver/Src/stm32f4xx_hal_dma_ex.c **** #ifdef HAL_DMA_MODULE_ENABLED
  70:Drivers/STM32F4xx_HAL_Driver/Src/stm32f4xx_hal_dma_ex.c **** 
  71:Drivers/STM32F4xx_HAL_Driver/Src/stm32f4xx_hal_dma_ex.c **** /* Private types -------------------------------------------------------------*/
  72:Drivers/STM32F4xx_HAL_Driver/Src/stm32f4xx_hal_dma_ex.c **** /* Private variables ---------------------------------------------------------*/
  73:Drivers/STM32F4xx_HAL_Driver/Src/stm32f4xx_hal_dma_ex.c **** /* Private Constants ---------------------------------------------------------*/
  74:Drivers/STM32F4xx_HAL_Driver/Src/stm32f4xx_hal_dma_ex.c **** /* Private macros ------------------------------------------------------------*/
  75:Drivers/STM32F4xx_HAL_Driver/Src/stm32f4xx_hal_dma_ex.c **** /* Private functions ---------------------------------------------------------*/
  76:Drivers/STM32F4xx_HAL_Driver/Src/stm32f4xx_hal_dma_ex.c **** /** @addtogroup DMAEx_Private_Functions
  77:Drivers/STM32F4xx_HAL_Driver/Src/stm32f4xx_hal_dma_ex.c ****   * @{
ARM GAS  C:\Users\ep_ygh\AppData\Local\Temp\ccDaupTf.s 			page 3


  78:Drivers/STM32F4xx_HAL_Driver/Src/stm32f4xx_hal_dma_ex.c ****   */
  79:Drivers/STM32F4xx_HAL_Driver/Src/stm32f4xx_hal_dma_ex.c **** static void DMA_MultiBufferSetConfig(DMA_HandleTypeDef *hdma, uint32_t SrcAddress, uint32_t DstAddr
  80:Drivers/STM32F4xx_HAL_Driver/Src/stm32f4xx_hal_dma_ex.c **** /**
  81:Drivers/STM32F4xx_HAL_Driver/Src/stm32f4xx_hal_dma_ex.c ****   * @}
  82:Drivers/STM32F4xx_HAL_Driver/Src/stm32f4xx_hal_dma_ex.c ****   */
  83:Drivers/STM32F4xx_HAL_Driver/Src/stm32f4xx_hal_dma_ex.c **** 
  84:Drivers/STM32F4xx_HAL_Driver/Src/stm32f4xx_hal_dma_ex.c **** /* Exported functions ---------------------------------------------------------*/
  85:Drivers/STM32F4xx_HAL_Driver/Src/stm32f4xx_hal_dma_ex.c **** 
  86:Drivers/STM32F4xx_HAL_Driver/Src/stm32f4xx_hal_dma_ex.c **** /** @addtogroup DMAEx_Exported_Functions
  87:Drivers/STM32F4xx_HAL_Driver/Src/stm32f4xx_hal_dma_ex.c ****   * @{
  88:Drivers/STM32F4xx_HAL_Driver/Src/stm32f4xx_hal_dma_ex.c ****   */
  89:Drivers/STM32F4xx_HAL_Driver/Src/stm32f4xx_hal_dma_ex.c **** 
  90:Drivers/STM32F4xx_HAL_Driver/Src/stm32f4xx_hal_dma_ex.c **** 
  91:Drivers/STM32F4xx_HAL_Driver/Src/stm32f4xx_hal_dma_ex.c **** /** @addtogroup DMAEx_Exported_Functions_Group1
  92:Drivers/STM32F4xx_HAL_Driver/Src/stm32f4xx_hal_dma_ex.c ****   *
  93:Drivers/STM32F4xx_HAL_Driver/Src/stm32f4xx_hal_dma_ex.c **** @verbatim   
  94:Drivers/STM32F4xx_HAL_Driver/Src/stm32f4xx_hal_dma_ex.c ****  ===============================================================================
  95:Drivers/STM32F4xx_HAL_Driver/Src/stm32f4xx_hal_dma_ex.c ****                 #####  Extended features functions  #####
  96:Drivers/STM32F4xx_HAL_Driver/Src/stm32f4xx_hal_dma_ex.c ****  ===============================================================================  
  97:Drivers/STM32F4xx_HAL_Driver/Src/stm32f4xx_hal_dma_ex.c ****     [..]  This section provides functions allowing to:
  98:Drivers/STM32F4xx_HAL_Driver/Src/stm32f4xx_hal_dma_ex.c ****       (+) Configure the source, destination address and data length and 
  99:Drivers/STM32F4xx_HAL_Driver/Src/stm32f4xx_hal_dma_ex.c ****           Start MultiBuffer DMA transfer
 100:Drivers/STM32F4xx_HAL_Driver/Src/stm32f4xx_hal_dma_ex.c ****       (+) Configure the source, destination address and data length and 
 101:Drivers/STM32F4xx_HAL_Driver/Src/stm32f4xx_hal_dma_ex.c ****           Start MultiBuffer DMA transfer with interrupt
 102:Drivers/STM32F4xx_HAL_Driver/Src/stm32f4xx_hal_dma_ex.c ****       (+) Change on the fly the memory0 or memory1 address.
 103:Drivers/STM32F4xx_HAL_Driver/Src/stm32f4xx_hal_dma_ex.c ****       
 104:Drivers/STM32F4xx_HAL_Driver/Src/stm32f4xx_hal_dma_ex.c **** @endverbatim
 105:Drivers/STM32F4xx_HAL_Driver/Src/stm32f4xx_hal_dma_ex.c ****   * @{
 106:Drivers/STM32F4xx_HAL_Driver/Src/stm32f4xx_hal_dma_ex.c ****   */
 107:Drivers/STM32F4xx_HAL_Driver/Src/stm32f4xx_hal_dma_ex.c **** 
 108:Drivers/STM32F4xx_HAL_Driver/Src/stm32f4xx_hal_dma_ex.c **** 
 109:Drivers/STM32F4xx_HAL_Driver/Src/stm32f4xx_hal_dma_ex.c **** /**
 110:Drivers/STM32F4xx_HAL_Driver/Src/stm32f4xx_hal_dma_ex.c ****   * @brief  Starts the multi_buffer DMA Transfer.
 111:Drivers/STM32F4xx_HAL_Driver/Src/stm32f4xx_hal_dma_ex.c ****   * @param  hdma      : pointer to a DMA_HandleTypeDef structure that contains
 112:Drivers/STM32F4xx_HAL_Driver/Src/stm32f4xx_hal_dma_ex.c ****   *                     the configuration information for the specified DMA Stream.  
 113:Drivers/STM32F4xx_HAL_Driver/Src/stm32f4xx_hal_dma_ex.c ****   * @param  SrcAddress: The source memory Buffer address
 114:Drivers/STM32F4xx_HAL_Driver/Src/stm32f4xx_hal_dma_ex.c ****   * @param  DstAddress: The destination memory Buffer address
 115:Drivers/STM32F4xx_HAL_Driver/Src/stm32f4xx_hal_dma_ex.c ****   * @param  SecondMemAddress: The second memory Buffer address in case of multi buffer Transfer  
 116:Drivers/STM32F4xx_HAL_Driver/Src/stm32f4xx_hal_dma_ex.c ****   * @param  DataLength: The length of data to be transferred from source to destination
 117:Drivers/STM32F4xx_HAL_Driver/Src/stm32f4xx_hal_dma_ex.c ****   * @retval HAL status
 118:Drivers/STM32F4xx_HAL_Driver/Src/stm32f4xx_hal_dma_ex.c ****   */
 119:Drivers/STM32F4xx_HAL_Driver/Src/stm32f4xx_hal_dma_ex.c **** HAL_StatusTypeDef HAL_DMAEx_MultiBufferStart(DMA_HandleTypeDef *hdma, uint32_t SrcAddress, uint32_t
 120:Drivers/STM32F4xx_HAL_Driver/Src/stm32f4xx_hal_dma_ex.c **** {
  34              		.loc 1 120 1
  35              		.cfi_startproc
  36              		@ args = 4, pretend = 0, frame = 16
  37              		@ frame_needed = 1, uses_anonymous_args = 0
  38 0000 80B5     		push	{r7, lr}
  39              	.LCFI0:
  40              		.cfi_def_cfa_offset 8
  41              		.cfi_offset 7, -8
  42              		.cfi_offset 14, -4
  43 0002 84B0     		sub	sp, sp, #16
  44              	.LCFI1:
  45              		.cfi_def_cfa_offset 24
  46 0004 00AF     		add	r7, sp, #0
  47              	.LCFI2:
ARM GAS  C:\Users\ep_ygh\AppData\Local\Temp\ccDaupTf.s 			page 4


  48              		.cfi_def_cfa_register 7
  49 0006 F860     		str	r0, [r7, #12]
  50 0008 B960     		str	r1, [r7, #8]
  51 000a 7A60     		str	r2, [r7, #4]
  52 000c 3B60     		str	r3, [r7]
 121:Drivers/STM32F4xx_HAL_Driver/Src/stm32f4xx_hal_dma_ex.c ****   /* Process Locked */
 122:Drivers/STM32F4xx_HAL_Driver/Src/stm32f4xx_hal_dma_ex.c ****   __HAL_LOCK(hdma);
  53              		.loc 1 122 3
  54 000e FB68     		ldr	r3, [r7, #12]
  55 0010 93F83430 		ldrb	r3, [r3, #52]	@ zero_extendqisi2
  56 0014 012B     		cmp	r3, #1
  57 0016 01D1     		bne	.L2
  58              		.loc 1 122 3 is_stmt 0 discriminator 1
  59 0018 0223     		movs	r3, #2
  60 001a 48E0     		b	.L3
  61              	.L2:
  62              		.loc 1 122 3 discriminator 2
  63 001c FB68     		ldr	r3, [r7, #12]
  64 001e 0122     		movs	r2, #1
  65 0020 83F83420 		strb	r2, [r3, #52]
 123:Drivers/STM32F4xx_HAL_Driver/Src/stm32f4xx_hal_dma_ex.c **** 
 124:Drivers/STM32F4xx_HAL_Driver/Src/stm32f4xx_hal_dma_ex.c ****   /* Current memory buffer used is Memory 0 */
 125:Drivers/STM32F4xx_HAL_Driver/Src/stm32f4xx_hal_dma_ex.c ****   if((hdma->Instance->CR & DMA_SxCR_CT) == 0)
  66              		.loc 1 125 11 is_stmt 1 discriminator 2
  67 0024 FB68     		ldr	r3, [r7, #12]
  68 0026 1B68     		ldr	r3, [r3]
  69              		.loc 1 125 21 discriminator 2
  70 0028 1B68     		ldr	r3, [r3]
  71              		.loc 1 125 26 discriminator 2
  72 002a 03F40023 		and	r3, r3, #524288
  73              		.loc 1 125 5 discriminator 2
  74 002e 002B     		cmp	r3, #0
  75 0030 04D1     		bne	.L4
 126:Drivers/STM32F4xx_HAL_Driver/Src/stm32f4xx_hal_dma_ex.c ****   {
 127:Drivers/STM32F4xx_HAL_Driver/Src/stm32f4xx_hal_dma_ex.c ****     hdma->State = HAL_DMA_STATE_BUSY_MEM0;
  76              		.loc 1 127 17
  77 0032 FB68     		ldr	r3, [r7, #12]
  78 0034 1222     		movs	r2, #18
  79 0036 83F83520 		strb	r2, [r3, #53]
  80 003a 0AE0     		b	.L5
  81              	.L4:
 128:Drivers/STM32F4xx_HAL_Driver/Src/stm32f4xx_hal_dma_ex.c ****   }
 129:Drivers/STM32F4xx_HAL_Driver/Src/stm32f4xx_hal_dma_ex.c ****   /* Current memory buffer used is Memory 1 */
 130:Drivers/STM32F4xx_HAL_Driver/Src/stm32f4xx_hal_dma_ex.c ****   else if((hdma->Instance->CR & DMA_SxCR_CT) != 0)
  82              		.loc 1 130 16
  83 003c FB68     		ldr	r3, [r7, #12]
  84 003e 1B68     		ldr	r3, [r3]
  85              		.loc 1 130 26
  86 0040 1B68     		ldr	r3, [r3]
  87              		.loc 1 130 31
  88 0042 03F40023 		and	r3, r3, #524288
  89              		.loc 1 130 10
  90 0046 002B     		cmp	r3, #0
  91 0048 03D0     		beq	.L5
 131:Drivers/STM32F4xx_HAL_Driver/Src/stm32f4xx_hal_dma_ex.c ****   {
 132:Drivers/STM32F4xx_HAL_Driver/Src/stm32f4xx_hal_dma_ex.c ****     hdma->State = HAL_DMA_STATE_BUSY_MEM1;
  92              		.loc 1 132 17
ARM GAS  C:\Users\ep_ygh\AppData\Local\Temp\ccDaupTf.s 			page 5


  93 004a FB68     		ldr	r3, [r7, #12]
  94 004c 2222     		movs	r2, #34
  95 004e 83F83520 		strb	r2, [r3, #53]
  96              	.L5:
 133:Drivers/STM32F4xx_HAL_Driver/Src/stm32f4xx_hal_dma_ex.c ****   }
 134:Drivers/STM32F4xx_HAL_Driver/Src/stm32f4xx_hal_dma_ex.c **** 
 135:Drivers/STM32F4xx_HAL_Driver/Src/stm32f4xx_hal_dma_ex.c ****    /* Check the parameters */
 136:Drivers/STM32F4xx_HAL_Driver/Src/stm32f4xx_hal_dma_ex.c ****   assert_param(IS_DMA_BUFFER_SIZE(DataLength));
  97              		.loc 1 136 3
  98 0052 BB69     		ldr	r3, [r7, #24]
  99 0054 002B     		cmp	r3, #0
 100 0056 03D0     		beq	.L6
 101              		.loc 1 136 3 is_stmt 0 discriminator 2
 102 0058 BB69     		ldr	r3, [r7, #24]
 103 005a B3F5803F 		cmp	r3, #65536
 104 005e 03D3     		bcc	.L7
 105              	.L6:
 106              		.loc 1 136 3 discriminator 3
 107 0060 8821     		movs	r1, #136
 108 0062 1548     		ldr	r0, .L8
 109 0064 FFF7FEFF 		bl	assert_failed
 110              	.L7:
 137:Drivers/STM32F4xx_HAL_Driver/Src/stm32f4xx_hal_dma_ex.c **** 
 138:Drivers/STM32F4xx_HAL_Driver/Src/stm32f4xx_hal_dma_ex.c ****   /* Disable the peripheral */
 139:Drivers/STM32F4xx_HAL_Driver/Src/stm32f4xx_hal_dma_ex.c ****   __HAL_DMA_DISABLE(hdma);  
 111              		.loc 1 139 3 is_stmt 1
 112 0068 FB68     		ldr	r3, [r7, #12]
 113 006a 1B68     		ldr	r3, [r3]
 114 006c 1A68     		ldr	r2, [r3]
 115 006e FB68     		ldr	r3, [r7, #12]
 116 0070 1B68     		ldr	r3, [r3]
 117 0072 22F00102 		bic	r2, r2, #1
 118 0076 1A60     		str	r2, [r3]
 140:Drivers/STM32F4xx_HAL_Driver/Src/stm32f4xx_hal_dma_ex.c **** 
 141:Drivers/STM32F4xx_HAL_Driver/Src/stm32f4xx_hal_dma_ex.c ****   /* Enable the double buffer mode */
 142:Drivers/STM32F4xx_HAL_Driver/Src/stm32f4xx_hal_dma_ex.c ****   hdma->Instance->CR |= (uint32_t)DMA_SxCR_DBM;
 119              		.loc 1 142 7
 120 0078 FB68     		ldr	r3, [r7, #12]
 121 007a 1B68     		ldr	r3, [r3]
 122              		.loc 1 142 22
 123 007c 1A68     		ldr	r2, [r3]
 124              		.loc 1 142 7
 125 007e FB68     		ldr	r3, [r7, #12]
 126 0080 1B68     		ldr	r3, [r3]
 127              		.loc 1 142 22
 128 0082 42F48022 		orr	r2, r2, #262144
 129 0086 1A60     		str	r2, [r3]
 143:Drivers/STM32F4xx_HAL_Driver/Src/stm32f4xx_hal_dma_ex.c **** 
 144:Drivers/STM32F4xx_HAL_Driver/Src/stm32f4xx_hal_dma_ex.c ****   /* Configure DMA Stream destination address */
 145:Drivers/STM32F4xx_HAL_Driver/Src/stm32f4xx_hal_dma_ex.c ****   hdma->Instance->M1AR = SecondMemAddress;
 130              		.loc 1 145 7
 131 0088 FB68     		ldr	r3, [r7, #12]
 132 008a 1B68     		ldr	r3, [r3]
 133              		.loc 1 145 24
 134 008c 3A68     		ldr	r2, [r7]
 135 008e 1A61     		str	r2, [r3, #16]
 146:Drivers/STM32F4xx_HAL_Driver/Src/stm32f4xx_hal_dma_ex.c **** 
ARM GAS  C:\Users\ep_ygh\AppData\Local\Temp\ccDaupTf.s 			page 6


 147:Drivers/STM32F4xx_HAL_Driver/Src/stm32f4xx_hal_dma_ex.c ****   /* Configure the source, destination address and the data length */
 148:Drivers/STM32F4xx_HAL_Driver/Src/stm32f4xx_hal_dma_ex.c ****   DMA_MultiBufferSetConfig(hdma, SrcAddress, DstAddress, DataLength);
 136              		.loc 1 148 3
 137 0090 BB69     		ldr	r3, [r7, #24]
 138 0092 7A68     		ldr	r2, [r7, #4]
 139 0094 B968     		ldr	r1, [r7, #8]
 140 0096 F868     		ldr	r0, [r7, #12]
 141 0098 FFF7FEFF 		bl	DMA_MultiBufferSetConfig
 149:Drivers/STM32F4xx_HAL_Driver/Src/stm32f4xx_hal_dma_ex.c **** 
 150:Drivers/STM32F4xx_HAL_Driver/Src/stm32f4xx_hal_dma_ex.c ****   /* Enable the peripheral */
 151:Drivers/STM32F4xx_HAL_Driver/Src/stm32f4xx_hal_dma_ex.c ****   __HAL_DMA_ENABLE(hdma);
 142              		.loc 1 151 3
 143 009c FB68     		ldr	r3, [r7, #12]
 144 009e 1B68     		ldr	r3, [r3]
 145 00a0 1A68     		ldr	r2, [r3]
 146 00a2 FB68     		ldr	r3, [r7, #12]
 147 00a4 1B68     		ldr	r3, [r3]
 148 00a6 42F00102 		orr	r2, r2, #1
 149 00aa 1A60     		str	r2, [r3]
 152:Drivers/STM32F4xx_HAL_Driver/Src/stm32f4xx_hal_dma_ex.c **** 
 153:Drivers/STM32F4xx_HAL_Driver/Src/stm32f4xx_hal_dma_ex.c ****   return HAL_OK;
 150              		.loc 1 153 10
 151 00ac 0023     		movs	r3, #0
 152              	.L3:
 154:Drivers/STM32F4xx_HAL_Driver/Src/stm32f4xx_hal_dma_ex.c **** }
 153              		.loc 1 154 1
 154 00ae 1846     		mov	r0, r3
 155 00b0 1037     		adds	r7, r7, #16
 156              	.LCFI3:
 157              		.cfi_def_cfa_offset 8
 158 00b2 BD46     		mov	sp, r7
 159              	.LCFI4:
 160              		.cfi_def_cfa_register 13
 161              		@ sp needed
 162 00b4 80BD     		pop	{r7, pc}
 163              	.L9:
 164 00b6 00BF     		.align	2
 165              	.L8:
 166 00b8 00000000 		.word	.LC0
 167              		.cfi_endproc
 168              	.LFE128:
 170              		.section	.text.HAL_DMAEx_MultiBufferStart_IT,"ax",%progbits
 171              		.align	1
 172              		.global	HAL_DMAEx_MultiBufferStart_IT
 173              		.syntax unified
 174              		.thumb
 175              		.thumb_func
 177              	HAL_DMAEx_MultiBufferStart_IT:
 178              	.LFB129:
 155:Drivers/STM32F4xx_HAL_Driver/Src/stm32f4xx_hal_dma_ex.c **** 
 156:Drivers/STM32F4xx_HAL_Driver/Src/stm32f4xx_hal_dma_ex.c **** /**
 157:Drivers/STM32F4xx_HAL_Driver/Src/stm32f4xx_hal_dma_ex.c ****   * @brief  Starts the multi_buffer DMA Transfer with interrupt enabled.
 158:Drivers/STM32F4xx_HAL_Driver/Src/stm32f4xx_hal_dma_ex.c ****   * @param  hdma:       pointer to a DMA_HandleTypeDef structure that contains
 159:Drivers/STM32F4xx_HAL_Driver/Src/stm32f4xx_hal_dma_ex.c ****   *                     the configuration information for the specified DMA Stream.  
 160:Drivers/STM32F4xx_HAL_Driver/Src/stm32f4xx_hal_dma_ex.c ****   * @param  SrcAddress: The source memory Buffer address
 161:Drivers/STM32F4xx_HAL_Driver/Src/stm32f4xx_hal_dma_ex.c ****   * @param  DstAddress: The destination memory Buffer address
 162:Drivers/STM32F4xx_HAL_Driver/Src/stm32f4xx_hal_dma_ex.c ****   * @param  SecondMemAddress: The second memory Buffer address in case of multi buffer Transfer  
ARM GAS  C:\Users\ep_ygh\AppData\Local\Temp\ccDaupTf.s 			page 7


 163:Drivers/STM32F4xx_HAL_Driver/Src/stm32f4xx_hal_dma_ex.c ****   * @param  DataLength: The length of data to be transferred from source to destination
 164:Drivers/STM32F4xx_HAL_Driver/Src/stm32f4xx_hal_dma_ex.c ****   * @retval HAL status
 165:Drivers/STM32F4xx_HAL_Driver/Src/stm32f4xx_hal_dma_ex.c ****   */
 166:Drivers/STM32F4xx_HAL_Driver/Src/stm32f4xx_hal_dma_ex.c **** HAL_StatusTypeDef HAL_DMAEx_MultiBufferStart_IT(DMA_HandleTypeDef *hdma, uint32_t SrcAddress, uint3
 167:Drivers/STM32F4xx_HAL_Driver/Src/stm32f4xx_hal_dma_ex.c **** {
 179              		.loc 1 167 1
 180              		.cfi_startproc
 181              		@ args = 4, pretend = 0, frame = 16
 182              		@ frame_needed = 1, uses_anonymous_args = 0
 183 0000 80B5     		push	{r7, lr}
 184              	.LCFI5:
 185              		.cfi_def_cfa_offset 8
 186              		.cfi_offset 7, -8
 187              		.cfi_offset 14, -4
 188 0002 84B0     		sub	sp, sp, #16
 189              	.LCFI6:
 190              		.cfi_def_cfa_offset 24
 191 0004 00AF     		add	r7, sp, #0
 192              	.LCFI7:
 193              		.cfi_def_cfa_register 7
 194 0006 F860     		str	r0, [r7, #12]
 195 0008 B960     		str	r1, [r7, #8]
 196 000a 7A60     		str	r2, [r7, #4]
 197 000c 3B60     		str	r3, [r7]
 168:Drivers/STM32F4xx_HAL_Driver/Src/stm32f4xx_hal_dma_ex.c ****   /* Process Locked */
 169:Drivers/STM32F4xx_HAL_Driver/Src/stm32f4xx_hal_dma_ex.c ****   __HAL_LOCK(hdma);
 198              		.loc 1 169 3
 199 000e FB68     		ldr	r3, [r7, #12]
 200 0010 93F83430 		ldrb	r3, [r3, #52]	@ zero_extendqisi2
 201 0014 012B     		cmp	r3, #1
 202 0016 01D1     		bne	.L11
 203              		.loc 1 169 3 is_stmt 0 discriminator 1
 204 0018 0223     		movs	r3, #2
 205 001a 70E0     		b	.L12
 206              	.L11:
 207              		.loc 1 169 3 discriminator 2
 208 001c FB68     		ldr	r3, [r7, #12]
 209 001e 0122     		movs	r2, #1
 210 0020 83F83420 		strb	r2, [r3, #52]
 170:Drivers/STM32F4xx_HAL_Driver/Src/stm32f4xx_hal_dma_ex.c **** 
 171:Drivers/STM32F4xx_HAL_Driver/Src/stm32f4xx_hal_dma_ex.c ****   /* Current memory buffer used is Memory 0 */
 172:Drivers/STM32F4xx_HAL_Driver/Src/stm32f4xx_hal_dma_ex.c ****   if((hdma->Instance->CR & DMA_SxCR_CT) == 0)
 211              		.loc 1 172 11 is_stmt 1 discriminator 2
 212 0024 FB68     		ldr	r3, [r7, #12]
 213 0026 1B68     		ldr	r3, [r3]
 214              		.loc 1 172 21 discriminator 2
 215 0028 1B68     		ldr	r3, [r3]
 216              		.loc 1 172 26 discriminator 2
 217 002a 03F40023 		and	r3, r3, #524288
 218              		.loc 1 172 5 discriminator 2
 219 002e 002B     		cmp	r3, #0
 220 0030 04D1     		bne	.L13
 173:Drivers/STM32F4xx_HAL_Driver/Src/stm32f4xx_hal_dma_ex.c ****   {
 174:Drivers/STM32F4xx_HAL_Driver/Src/stm32f4xx_hal_dma_ex.c ****     hdma->State = HAL_DMA_STATE_BUSY_MEM0;
 221              		.loc 1 174 17
 222 0032 FB68     		ldr	r3, [r7, #12]
 223 0034 1222     		movs	r2, #18
ARM GAS  C:\Users\ep_ygh\AppData\Local\Temp\ccDaupTf.s 			page 8


 224 0036 83F83520 		strb	r2, [r3, #53]
 225 003a 0AE0     		b	.L14
 226              	.L13:
 175:Drivers/STM32F4xx_HAL_Driver/Src/stm32f4xx_hal_dma_ex.c ****   }
 176:Drivers/STM32F4xx_HAL_Driver/Src/stm32f4xx_hal_dma_ex.c ****   /* Current memory buffer used is Memory 1 */
 177:Drivers/STM32F4xx_HAL_Driver/Src/stm32f4xx_hal_dma_ex.c ****   else if((hdma->Instance->CR & DMA_SxCR_CT) != 0)
 227              		.loc 1 177 16
 228 003c FB68     		ldr	r3, [r7, #12]
 229 003e 1B68     		ldr	r3, [r3]
 230              		.loc 1 177 26
 231 0040 1B68     		ldr	r3, [r3]
 232              		.loc 1 177 31
 233 0042 03F40023 		and	r3, r3, #524288
 234              		.loc 1 177 10
 235 0046 002B     		cmp	r3, #0
 236 0048 03D0     		beq	.L14
 178:Drivers/STM32F4xx_HAL_Driver/Src/stm32f4xx_hal_dma_ex.c ****   {
 179:Drivers/STM32F4xx_HAL_Driver/Src/stm32f4xx_hal_dma_ex.c ****     hdma->State = HAL_DMA_STATE_BUSY_MEM1;
 237              		.loc 1 179 17
 238 004a FB68     		ldr	r3, [r7, #12]
 239 004c 2222     		movs	r2, #34
 240 004e 83F83520 		strb	r2, [r3, #53]
 241              	.L14:
 180:Drivers/STM32F4xx_HAL_Driver/Src/stm32f4xx_hal_dma_ex.c ****   }
 181:Drivers/STM32F4xx_HAL_Driver/Src/stm32f4xx_hal_dma_ex.c **** 
 182:Drivers/STM32F4xx_HAL_Driver/Src/stm32f4xx_hal_dma_ex.c ****   /* Check the parameters */
 183:Drivers/STM32F4xx_HAL_Driver/Src/stm32f4xx_hal_dma_ex.c ****   assert_param(IS_DMA_BUFFER_SIZE(DataLength));
 242              		.loc 1 183 3
 243 0052 BB69     		ldr	r3, [r7, #24]
 244 0054 002B     		cmp	r3, #0
 245 0056 03D0     		beq	.L15
 246              		.loc 1 183 3 is_stmt 0 discriminator 2
 247 0058 BB69     		ldr	r3, [r7, #24]
 248 005a B3F5803F 		cmp	r3, #65536
 249 005e 03D3     		bcc	.L16
 250              	.L15:
 251              		.loc 1 183 3 discriminator 3
 252 0060 B721     		movs	r1, #183
 253 0062 2948     		ldr	r0, .L17
 254 0064 FFF7FEFF 		bl	assert_failed
 255              	.L16:
 184:Drivers/STM32F4xx_HAL_Driver/Src/stm32f4xx_hal_dma_ex.c **** 
 185:Drivers/STM32F4xx_HAL_Driver/Src/stm32f4xx_hal_dma_ex.c ****   /* Disable the peripheral */
 186:Drivers/STM32F4xx_HAL_Driver/Src/stm32f4xx_hal_dma_ex.c ****   __HAL_DMA_DISABLE(hdma);  
 256              		.loc 1 186 3 is_stmt 1
 257 0068 FB68     		ldr	r3, [r7, #12]
 258 006a 1B68     		ldr	r3, [r3]
 259 006c 1A68     		ldr	r2, [r3]
 260 006e FB68     		ldr	r3, [r7, #12]
 261 0070 1B68     		ldr	r3, [r3]
 262 0072 22F00102 		bic	r2, r2, #1
 263 0076 1A60     		str	r2, [r3]
 187:Drivers/STM32F4xx_HAL_Driver/Src/stm32f4xx_hal_dma_ex.c **** 
 188:Drivers/STM32F4xx_HAL_Driver/Src/stm32f4xx_hal_dma_ex.c ****   /* Enable the Double buffer mode */
 189:Drivers/STM32F4xx_HAL_Driver/Src/stm32f4xx_hal_dma_ex.c ****   hdma->Instance->CR |= (uint32_t)DMA_SxCR_DBM;
 264              		.loc 1 189 7
 265 0078 FB68     		ldr	r3, [r7, #12]
ARM GAS  C:\Users\ep_ygh\AppData\Local\Temp\ccDaupTf.s 			page 9


 266 007a 1B68     		ldr	r3, [r3]
 267              		.loc 1 189 22
 268 007c 1A68     		ldr	r2, [r3]
 269              		.loc 1 189 7
 270 007e FB68     		ldr	r3, [r7, #12]
 271 0080 1B68     		ldr	r3, [r3]
 272              		.loc 1 189 22
 273 0082 42F48022 		orr	r2, r2, #262144
 274 0086 1A60     		str	r2, [r3]
 190:Drivers/STM32F4xx_HAL_Driver/Src/stm32f4xx_hal_dma_ex.c **** 
 191:Drivers/STM32F4xx_HAL_Driver/Src/stm32f4xx_hal_dma_ex.c ****   /* Configure DMA Stream destination address */
 192:Drivers/STM32F4xx_HAL_Driver/Src/stm32f4xx_hal_dma_ex.c ****   hdma->Instance->M1AR = SecondMemAddress;
 275              		.loc 1 192 7
 276 0088 FB68     		ldr	r3, [r7, #12]
 277 008a 1B68     		ldr	r3, [r3]
 278              		.loc 1 192 24
 279 008c 3A68     		ldr	r2, [r7]
 280 008e 1A61     		str	r2, [r3, #16]
 193:Drivers/STM32F4xx_HAL_Driver/Src/stm32f4xx_hal_dma_ex.c **** 
 194:Drivers/STM32F4xx_HAL_Driver/Src/stm32f4xx_hal_dma_ex.c ****   /* Configure the source, destination address and the data length */
 195:Drivers/STM32F4xx_HAL_Driver/Src/stm32f4xx_hal_dma_ex.c ****   DMA_MultiBufferSetConfig(hdma, SrcAddress, DstAddress, DataLength); 
 281              		.loc 1 195 3
 282 0090 BB69     		ldr	r3, [r7, #24]
 283 0092 7A68     		ldr	r2, [r7, #4]
 284 0094 B968     		ldr	r1, [r7, #8]
 285 0096 F868     		ldr	r0, [r7, #12]
 286 0098 FFF7FEFF 		bl	DMA_MultiBufferSetConfig
 196:Drivers/STM32F4xx_HAL_Driver/Src/stm32f4xx_hal_dma_ex.c **** 
 197:Drivers/STM32F4xx_HAL_Driver/Src/stm32f4xx_hal_dma_ex.c ****   /* Enable the transfer complete interrupt */
 198:Drivers/STM32F4xx_HAL_Driver/Src/stm32f4xx_hal_dma_ex.c ****   __HAL_DMA_ENABLE_IT(hdma, DMA_IT_TC);
 287              		.loc 1 198 3
 288 009c FB68     		ldr	r3, [r7, #12]
 289 009e 1B68     		ldr	r3, [r3]
 290 00a0 1A68     		ldr	r2, [r3]
 291 00a2 FB68     		ldr	r3, [r7, #12]
 292 00a4 1B68     		ldr	r3, [r3]
 293 00a6 42F01002 		orr	r2, r2, #16
 294 00aa 1A60     		str	r2, [r3]
 199:Drivers/STM32F4xx_HAL_Driver/Src/stm32f4xx_hal_dma_ex.c **** 
 200:Drivers/STM32F4xx_HAL_Driver/Src/stm32f4xx_hal_dma_ex.c ****   /* Enable the Half transfer interrupt */
 201:Drivers/STM32F4xx_HAL_Driver/Src/stm32f4xx_hal_dma_ex.c ****   __HAL_DMA_ENABLE_IT(hdma, DMA_IT_HT);
 295              		.loc 1 201 3
 296 00ac FB68     		ldr	r3, [r7, #12]
 297 00ae 1B68     		ldr	r3, [r3]
 298 00b0 1A68     		ldr	r2, [r3]
 299 00b2 FB68     		ldr	r3, [r7, #12]
 300 00b4 1B68     		ldr	r3, [r3]
 301 00b6 42F00802 		orr	r2, r2, #8
 302 00ba 1A60     		str	r2, [r3]
 202:Drivers/STM32F4xx_HAL_Driver/Src/stm32f4xx_hal_dma_ex.c **** 
 203:Drivers/STM32F4xx_HAL_Driver/Src/stm32f4xx_hal_dma_ex.c ****   /* Enable the transfer Error interrupt */
 204:Drivers/STM32F4xx_HAL_Driver/Src/stm32f4xx_hal_dma_ex.c ****   __HAL_DMA_ENABLE_IT(hdma, DMA_IT_TE);
 303              		.loc 1 204 3
 304 00bc FB68     		ldr	r3, [r7, #12]
 305 00be 1B68     		ldr	r3, [r3]
 306 00c0 1A68     		ldr	r2, [r3]
 307 00c2 FB68     		ldr	r3, [r7, #12]
ARM GAS  C:\Users\ep_ygh\AppData\Local\Temp\ccDaupTf.s 			page 10


 308 00c4 1B68     		ldr	r3, [r3]
 309 00c6 42F00402 		orr	r2, r2, #4
 310 00ca 1A60     		str	r2, [r3]
 205:Drivers/STM32F4xx_HAL_Driver/Src/stm32f4xx_hal_dma_ex.c **** 
 206:Drivers/STM32F4xx_HAL_Driver/Src/stm32f4xx_hal_dma_ex.c ****   /* Enable the fifo Error interrupt */
 207:Drivers/STM32F4xx_HAL_Driver/Src/stm32f4xx_hal_dma_ex.c ****   __HAL_DMA_ENABLE_IT(hdma, DMA_IT_FE);  
 311              		.loc 1 207 3
 312 00cc FB68     		ldr	r3, [r7, #12]
 313 00ce 1B68     		ldr	r3, [r3]
 314 00d0 5A69     		ldr	r2, [r3, #20]
 315 00d2 FB68     		ldr	r3, [r7, #12]
 316 00d4 1B68     		ldr	r3, [r3]
 317 00d6 42F08002 		orr	r2, r2, #128
 318 00da 5A61     		str	r2, [r3, #20]
 208:Drivers/STM32F4xx_HAL_Driver/Src/stm32f4xx_hal_dma_ex.c **** 
 209:Drivers/STM32F4xx_HAL_Driver/Src/stm32f4xx_hal_dma_ex.c ****   /* Enable the direct mode Error interrupt */
 210:Drivers/STM32F4xx_HAL_Driver/Src/stm32f4xx_hal_dma_ex.c ****   __HAL_DMA_ENABLE_IT(hdma, DMA_IT_DME); 
 319              		.loc 1 210 3
 320 00dc FB68     		ldr	r3, [r7, #12]
 321 00de 1B68     		ldr	r3, [r3]
 322 00e0 1A68     		ldr	r2, [r3]
 323 00e2 FB68     		ldr	r3, [r7, #12]
 324 00e4 1B68     		ldr	r3, [r3]
 325 00e6 42F00202 		orr	r2, r2, #2
 326 00ea 1A60     		str	r2, [r3]
 211:Drivers/STM32F4xx_HAL_Driver/Src/stm32f4xx_hal_dma_ex.c **** 
 212:Drivers/STM32F4xx_HAL_Driver/Src/stm32f4xx_hal_dma_ex.c ****   /* Enable the peripheral */
 213:Drivers/STM32F4xx_HAL_Driver/Src/stm32f4xx_hal_dma_ex.c ****   __HAL_DMA_ENABLE(hdma); 
 327              		.loc 1 213 3
 328 00ec FB68     		ldr	r3, [r7, #12]
 329 00ee 1B68     		ldr	r3, [r3]
 330 00f0 1A68     		ldr	r2, [r3]
 331 00f2 FB68     		ldr	r3, [r7, #12]
 332 00f4 1B68     		ldr	r3, [r3]
 333 00f6 42F00102 		orr	r2, r2, #1
 334 00fa 1A60     		str	r2, [r3]
 214:Drivers/STM32F4xx_HAL_Driver/Src/stm32f4xx_hal_dma_ex.c **** 
 215:Drivers/STM32F4xx_HAL_Driver/Src/stm32f4xx_hal_dma_ex.c ****   return HAL_OK; 
 335              		.loc 1 215 10
 336 00fc 0023     		movs	r3, #0
 337              	.L12:
 216:Drivers/STM32F4xx_HAL_Driver/Src/stm32f4xx_hal_dma_ex.c **** }
 338              		.loc 1 216 1
 339 00fe 1846     		mov	r0, r3
 340 0100 1037     		adds	r7, r7, #16
 341              	.LCFI8:
 342              		.cfi_def_cfa_offset 8
 343 0102 BD46     		mov	sp, r7
 344              	.LCFI9:
 345              		.cfi_def_cfa_register 13
 346              		@ sp needed
 347 0104 80BD     		pop	{r7, pc}
 348              	.L18:
 349 0106 00BF     		.align	2
 350              	.L17:
 351 0108 00000000 		.word	.LC0
 352              		.cfi_endproc
ARM GAS  C:\Users\ep_ygh\AppData\Local\Temp\ccDaupTf.s 			page 11


 353              	.LFE129:
 355              		.section	.text.HAL_DMAEx_ChangeMemory,"ax",%progbits
 356              		.align	1
 357              		.global	HAL_DMAEx_ChangeMemory
 358              		.syntax unified
 359              		.thumb
 360              		.thumb_func
 362              	HAL_DMAEx_ChangeMemory:
 363              	.LFB130:
 217:Drivers/STM32F4xx_HAL_Driver/Src/stm32f4xx_hal_dma_ex.c **** 
 218:Drivers/STM32F4xx_HAL_Driver/Src/stm32f4xx_hal_dma_ex.c **** /**
 219:Drivers/STM32F4xx_HAL_Driver/Src/stm32f4xx_hal_dma_ex.c ****   * @brief  Change the memory0 or memory1 address on the fly.
 220:Drivers/STM32F4xx_HAL_Driver/Src/stm32f4xx_hal_dma_ex.c ****   * @param  hdma:       pointer to a DMA_HandleTypeDef structure that contains
 221:Drivers/STM32F4xx_HAL_Driver/Src/stm32f4xx_hal_dma_ex.c ****   *                     the configuration information for the specified DMA Stream.  
 222:Drivers/STM32F4xx_HAL_Driver/Src/stm32f4xx_hal_dma_ex.c ****   * @param  Address:    The new address
 223:Drivers/STM32F4xx_HAL_Driver/Src/stm32f4xx_hal_dma_ex.c ****   * @param  memory:     the memory to be changed, This parameter can be one of 
 224:Drivers/STM32F4xx_HAL_Driver/Src/stm32f4xx_hal_dma_ex.c ****   *                     the following values:
 225:Drivers/STM32F4xx_HAL_Driver/Src/stm32f4xx_hal_dma_ex.c ****   *                      MEMORY0 /
 226:Drivers/STM32F4xx_HAL_Driver/Src/stm32f4xx_hal_dma_ex.c ****   *                      MEMORY1
 227:Drivers/STM32F4xx_HAL_Driver/Src/stm32f4xx_hal_dma_ex.c ****   * @note   The MEMORY0 address can be changed only when the current transfer use
 228:Drivers/STM32F4xx_HAL_Driver/Src/stm32f4xx_hal_dma_ex.c ****   *         MEMORY1 and the MEMORY1 address can be changed only when the current 
 229:Drivers/STM32F4xx_HAL_Driver/Src/stm32f4xx_hal_dma_ex.c ****   *         transfer use MEMORY0.
 230:Drivers/STM32F4xx_HAL_Driver/Src/stm32f4xx_hal_dma_ex.c ****   * @retval HAL status
 231:Drivers/STM32F4xx_HAL_Driver/Src/stm32f4xx_hal_dma_ex.c ****   */
 232:Drivers/STM32F4xx_HAL_Driver/Src/stm32f4xx_hal_dma_ex.c **** HAL_StatusTypeDef HAL_DMAEx_ChangeMemory(DMA_HandleTypeDef *hdma, uint32_t Address, HAL_DMA_MemoryT
 233:Drivers/STM32F4xx_HAL_Driver/Src/stm32f4xx_hal_dma_ex.c **** {
 364              		.loc 1 233 1
 365              		.cfi_startproc
 366              		@ args = 0, pretend = 0, frame = 16
 367              		@ frame_needed = 1, uses_anonymous_args = 0
 368              		@ link register save eliminated.
 369 0000 80B4     		push	{r7}
 370              	.LCFI10:
 371              		.cfi_def_cfa_offset 4
 372              		.cfi_offset 7, -4
 373 0002 85B0     		sub	sp, sp, #20
 374              	.LCFI11:
 375              		.cfi_def_cfa_offset 24
 376 0004 00AF     		add	r7, sp, #0
 377              	.LCFI12:
 378              		.cfi_def_cfa_register 7
 379 0006 F860     		str	r0, [r7, #12]
 380 0008 B960     		str	r1, [r7, #8]
 381 000a 1346     		mov	r3, r2
 382 000c FB71     		strb	r3, [r7, #7]
 234:Drivers/STM32F4xx_HAL_Driver/Src/stm32f4xx_hal_dma_ex.c ****   if(memory == MEMORY0)
 383              		.loc 1 234 5
 384 000e FB79     		ldrb	r3, [r7, #7]	@ zero_extendqisi2
 385 0010 002B     		cmp	r3, #0
 386 0012 04D1     		bne	.L20
 235:Drivers/STM32F4xx_HAL_Driver/Src/stm32f4xx_hal_dma_ex.c ****   {
 236:Drivers/STM32F4xx_HAL_Driver/Src/stm32f4xx_hal_dma_ex.c ****     /* change the memory0 address */
 237:Drivers/STM32F4xx_HAL_Driver/Src/stm32f4xx_hal_dma_ex.c ****     hdma->Instance->M0AR = Address;
 387              		.loc 1 237 9
 388 0014 FB68     		ldr	r3, [r7, #12]
 389 0016 1B68     		ldr	r3, [r3]
 390              		.loc 1 237 26
ARM GAS  C:\Users\ep_ygh\AppData\Local\Temp\ccDaupTf.s 			page 12


 391 0018 BA68     		ldr	r2, [r7, #8]
 392 001a DA60     		str	r2, [r3, #12]
 393 001c 03E0     		b	.L21
 394              	.L20:
 238:Drivers/STM32F4xx_HAL_Driver/Src/stm32f4xx_hal_dma_ex.c ****   }
 239:Drivers/STM32F4xx_HAL_Driver/Src/stm32f4xx_hal_dma_ex.c ****   else
 240:Drivers/STM32F4xx_HAL_Driver/Src/stm32f4xx_hal_dma_ex.c ****   {
 241:Drivers/STM32F4xx_HAL_Driver/Src/stm32f4xx_hal_dma_ex.c ****     /* change the memory1 address */
 242:Drivers/STM32F4xx_HAL_Driver/Src/stm32f4xx_hal_dma_ex.c ****     hdma->Instance->M1AR = Address;
 395              		.loc 1 242 9
 396 001e FB68     		ldr	r3, [r7, #12]
 397 0020 1B68     		ldr	r3, [r3]
 398              		.loc 1 242 26
 399 0022 BA68     		ldr	r2, [r7, #8]
 400 0024 1A61     		str	r2, [r3, #16]
 401              	.L21:
 243:Drivers/STM32F4xx_HAL_Driver/Src/stm32f4xx_hal_dma_ex.c ****   }
 244:Drivers/STM32F4xx_HAL_Driver/Src/stm32f4xx_hal_dma_ex.c **** 
 245:Drivers/STM32F4xx_HAL_Driver/Src/stm32f4xx_hal_dma_ex.c ****   return HAL_OK;
 402              		.loc 1 245 10
 403 0026 0023     		movs	r3, #0
 246:Drivers/STM32F4xx_HAL_Driver/Src/stm32f4xx_hal_dma_ex.c **** }
 404              		.loc 1 246 1
 405 0028 1846     		mov	r0, r3
 406 002a 1437     		adds	r7, r7, #20
 407              	.LCFI13:
 408              		.cfi_def_cfa_offset 4
 409 002c BD46     		mov	sp, r7
 410              	.LCFI14:
 411              		.cfi_def_cfa_register 13
 412              		@ sp needed
 413 002e 5DF8047B 		ldr	r7, [sp], #4
 414              	.LCFI15:
 415              		.cfi_restore 7
 416              		.cfi_def_cfa_offset 0
 417 0032 7047     		bx	lr
 418              		.cfi_endproc
 419              	.LFE130:
 421              		.section	.text.DMA_MultiBufferSetConfig,"ax",%progbits
 422              		.align	1
 423              		.syntax unified
 424              		.thumb
 425              		.thumb_func
 427              	DMA_MultiBufferSetConfig:
 428              	.LFB131:
 247:Drivers/STM32F4xx_HAL_Driver/Src/stm32f4xx_hal_dma_ex.c **** 
 248:Drivers/STM32F4xx_HAL_Driver/Src/stm32f4xx_hal_dma_ex.c **** /**
 249:Drivers/STM32F4xx_HAL_Driver/Src/stm32f4xx_hal_dma_ex.c ****   * @}
 250:Drivers/STM32F4xx_HAL_Driver/Src/stm32f4xx_hal_dma_ex.c ****   */
 251:Drivers/STM32F4xx_HAL_Driver/Src/stm32f4xx_hal_dma_ex.c **** 
 252:Drivers/STM32F4xx_HAL_Driver/Src/stm32f4xx_hal_dma_ex.c **** /**
 253:Drivers/STM32F4xx_HAL_Driver/Src/stm32f4xx_hal_dma_ex.c ****   * @}
 254:Drivers/STM32F4xx_HAL_Driver/Src/stm32f4xx_hal_dma_ex.c ****   */
 255:Drivers/STM32F4xx_HAL_Driver/Src/stm32f4xx_hal_dma_ex.c **** 
 256:Drivers/STM32F4xx_HAL_Driver/Src/stm32f4xx_hal_dma_ex.c **** /** @addtogroup DMAEx_Private_Functions
 257:Drivers/STM32F4xx_HAL_Driver/Src/stm32f4xx_hal_dma_ex.c ****   * @{
 258:Drivers/STM32F4xx_HAL_Driver/Src/stm32f4xx_hal_dma_ex.c ****   */
ARM GAS  C:\Users\ep_ygh\AppData\Local\Temp\ccDaupTf.s 			page 13


 259:Drivers/STM32F4xx_HAL_Driver/Src/stm32f4xx_hal_dma_ex.c **** 
 260:Drivers/STM32F4xx_HAL_Driver/Src/stm32f4xx_hal_dma_ex.c **** /**
 261:Drivers/STM32F4xx_HAL_Driver/Src/stm32f4xx_hal_dma_ex.c ****   * @brief  Set the DMA Transfer parameter.
 262:Drivers/STM32F4xx_HAL_Driver/Src/stm32f4xx_hal_dma_ex.c ****   * @param  hdma:       pointer to a DMA_HandleTypeDef structure that contains
 263:Drivers/STM32F4xx_HAL_Driver/Src/stm32f4xx_hal_dma_ex.c ****   *                     the configuration information for the specified DMA Stream.  
 264:Drivers/STM32F4xx_HAL_Driver/Src/stm32f4xx_hal_dma_ex.c ****   * @param  SrcAddress: The source memory Buffer address
 265:Drivers/STM32F4xx_HAL_Driver/Src/stm32f4xx_hal_dma_ex.c ****   * @param  DstAddress: The destination memory Buffer address
 266:Drivers/STM32F4xx_HAL_Driver/Src/stm32f4xx_hal_dma_ex.c ****   * @param  DataLength: The length of data to be transferred from source to destination
 267:Drivers/STM32F4xx_HAL_Driver/Src/stm32f4xx_hal_dma_ex.c ****   * @retval HAL status
 268:Drivers/STM32F4xx_HAL_Driver/Src/stm32f4xx_hal_dma_ex.c ****   */
 269:Drivers/STM32F4xx_HAL_Driver/Src/stm32f4xx_hal_dma_ex.c **** static void DMA_MultiBufferSetConfig(DMA_HandleTypeDef *hdma, uint32_t SrcAddress, uint32_t DstAddr
 270:Drivers/STM32F4xx_HAL_Driver/Src/stm32f4xx_hal_dma_ex.c **** {  
 429              		.loc 1 270 1
 430              		.cfi_startproc
 431              		@ args = 0, pretend = 0, frame = 16
 432              		@ frame_needed = 1, uses_anonymous_args = 0
 433              		@ link register save eliminated.
 434 0000 80B4     		push	{r7}
 435              	.LCFI16:
 436              		.cfi_def_cfa_offset 4
 437              		.cfi_offset 7, -4
 438 0002 85B0     		sub	sp, sp, #20
 439              	.LCFI17:
 440              		.cfi_def_cfa_offset 24
 441 0004 00AF     		add	r7, sp, #0
 442              	.LCFI18:
 443              		.cfi_def_cfa_register 7
 444 0006 F860     		str	r0, [r7, #12]
 445 0008 B960     		str	r1, [r7, #8]
 446 000a 7A60     		str	r2, [r7, #4]
 447 000c 3B60     		str	r3, [r7]
 271:Drivers/STM32F4xx_HAL_Driver/Src/stm32f4xx_hal_dma_ex.c ****   /* Configure DMA Stream data length */
 272:Drivers/STM32F4xx_HAL_Driver/Src/stm32f4xx_hal_dma_ex.c ****   hdma->Instance->NDTR = DataLength;
 448              		.loc 1 272 7
 449 000e FB68     		ldr	r3, [r7, #12]
 450 0010 1B68     		ldr	r3, [r3]
 451              		.loc 1 272 24
 452 0012 3A68     		ldr	r2, [r7]
 453 0014 5A60     		str	r2, [r3, #4]
 273:Drivers/STM32F4xx_HAL_Driver/Src/stm32f4xx_hal_dma_ex.c ****   
 274:Drivers/STM32F4xx_HAL_Driver/Src/stm32f4xx_hal_dma_ex.c ****   /* Peripheral to Memory */
 275:Drivers/STM32F4xx_HAL_Driver/Src/stm32f4xx_hal_dma_ex.c ****   if((hdma->Init.Direction) == DMA_MEMORY_TO_PERIPH)
 454              		.loc 1 275 17
 455 0016 FB68     		ldr	r3, [r7, #12]
 456 0018 9B68     		ldr	r3, [r3, #8]
 457              		.loc 1 275 5
 458 001a 402B     		cmp	r3, #64
 459 001c 08D1     		bne	.L24
 276:Drivers/STM32F4xx_HAL_Driver/Src/stm32f4xx_hal_dma_ex.c ****   {   
 277:Drivers/STM32F4xx_HAL_Driver/Src/stm32f4xx_hal_dma_ex.c ****     /* Configure DMA Stream destination address */
 278:Drivers/STM32F4xx_HAL_Driver/Src/stm32f4xx_hal_dma_ex.c ****     hdma->Instance->PAR = DstAddress;
 460              		.loc 1 278 9
 461 001e FB68     		ldr	r3, [r7, #12]
 462 0020 1B68     		ldr	r3, [r3]
 463              		.loc 1 278 25
 464 0022 7A68     		ldr	r2, [r7, #4]
 465 0024 9A60     		str	r2, [r3, #8]
ARM GAS  C:\Users\ep_ygh\AppData\Local\Temp\ccDaupTf.s 			page 14


 279:Drivers/STM32F4xx_HAL_Driver/Src/stm32f4xx_hal_dma_ex.c ****     
 280:Drivers/STM32F4xx_HAL_Driver/Src/stm32f4xx_hal_dma_ex.c ****     /* Configure DMA Stream source address */
 281:Drivers/STM32F4xx_HAL_Driver/Src/stm32f4xx_hal_dma_ex.c ****     hdma->Instance->M0AR = SrcAddress;
 466              		.loc 1 281 9
 467 0026 FB68     		ldr	r3, [r7, #12]
 468 0028 1B68     		ldr	r3, [r3]
 469              		.loc 1 281 26
 470 002a BA68     		ldr	r2, [r7, #8]
 471 002c DA60     		str	r2, [r3, #12]
 282:Drivers/STM32F4xx_HAL_Driver/Src/stm32f4xx_hal_dma_ex.c ****   }
 283:Drivers/STM32F4xx_HAL_Driver/Src/stm32f4xx_hal_dma_ex.c ****   /* Memory to Peripheral */
 284:Drivers/STM32F4xx_HAL_Driver/Src/stm32f4xx_hal_dma_ex.c ****   else
 285:Drivers/STM32F4xx_HAL_Driver/Src/stm32f4xx_hal_dma_ex.c ****   {
 286:Drivers/STM32F4xx_HAL_Driver/Src/stm32f4xx_hal_dma_ex.c ****     /* Configure DMA Stream source address */
 287:Drivers/STM32F4xx_HAL_Driver/Src/stm32f4xx_hal_dma_ex.c ****     hdma->Instance->PAR = SrcAddress;
 288:Drivers/STM32F4xx_HAL_Driver/Src/stm32f4xx_hal_dma_ex.c ****     
 289:Drivers/STM32F4xx_HAL_Driver/Src/stm32f4xx_hal_dma_ex.c ****     /* Configure DMA Stream destination address */
 290:Drivers/STM32F4xx_HAL_Driver/Src/stm32f4xx_hal_dma_ex.c ****     hdma->Instance->M0AR = DstAddress;
 291:Drivers/STM32F4xx_HAL_Driver/Src/stm32f4xx_hal_dma_ex.c ****   }
 292:Drivers/STM32F4xx_HAL_Driver/Src/stm32f4xx_hal_dma_ex.c **** }
 472              		.loc 1 292 1
 473 002e 07E0     		b	.L26
 474              	.L24:
 287:Drivers/STM32F4xx_HAL_Driver/Src/stm32f4xx_hal_dma_ex.c ****     
 475              		.loc 1 287 9
 476 0030 FB68     		ldr	r3, [r7, #12]
 477 0032 1B68     		ldr	r3, [r3]
 287:Drivers/STM32F4xx_HAL_Driver/Src/stm32f4xx_hal_dma_ex.c ****     
 478              		.loc 1 287 25
 479 0034 BA68     		ldr	r2, [r7, #8]
 480 0036 9A60     		str	r2, [r3, #8]
 290:Drivers/STM32F4xx_HAL_Driver/Src/stm32f4xx_hal_dma_ex.c ****   }
 481              		.loc 1 290 9
 482 0038 FB68     		ldr	r3, [r7, #12]
 483 003a 1B68     		ldr	r3, [r3]
 290:Drivers/STM32F4xx_HAL_Driver/Src/stm32f4xx_hal_dma_ex.c ****   }
 484              		.loc 1 290 26
 485 003c 7A68     		ldr	r2, [r7, #4]
 486 003e DA60     		str	r2, [r3, #12]
 487              	.L26:
 488              		.loc 1 292 1
 489 0040 00BF     		nop
 490 0042 1437     		adds	r7, r7, #20
 491              	.LCFI19:
 492              		.cfi_def_cfa_offset 4
 493 0044 BD46     		mov	sp, r7
 494              	.LCFI20:
 495              		.cfi_def_cfa_register 13
 496              		@ sp needed
 497 0046 5DF8047B 		ldr	r7, [sp], #4
 498              	.LCFI21:
 499              		.cfi_restore 7
 500              		.cfi_def_cfa_offset 0
 501 004a 7047     		bx	lr
 502              		.cfi_endproc
 503              	.LFE131:
 505              		.text
ARM GAS  C:\Users\ep_ygh\AppData\Local\Temp\ccDaupTf.s 			page 15


 506              	.Letext0:
 507              		.file 2 "c:\\programdata\\chocolatey\\lib\\gcc-arm-embedded\\tools\\gcc-arm-none-eabi-10.3-2021.10
 508              		.file 3 "c:\\programdata\\chocolatey\\lib\\gcc-arm-embedded\\tools\\gcc-arm-none-eabi-10.3-2021.10
 509              		.file 4 "Drivers/CMSIS/Device/ST/STM32F4xx/Include/stm32f401xe.h"
 510              		.file 5 "Drivers/STM32F4xx_HAL_Driver/Inc/stm32f4xx_hal_def.h"
 511              		.file 6 "Drivers/STM32F4xx_HAL_Driver/Inc/stm32f4xx_hal_dma.h"
 512              		.file 7 "Drivers/STM32F4xx_HAL_Driver/Inc/stm32f4xx_hal_dma_ex.h"
ARM GAS  C:\Users\ep_ygh\AppData\Local\Temp\ccDaupTf.s 			page 16


DEFINED SYMBOLS
                            *ABS*:00000000 stm32f4xx_hal_dma_ex.c
C:\Users\ep_ygh\AppData\Local\Temp\ccDaupTf.s:20     .rodata:00000000 $d
C:\Users\ep_ygh\AppData\Local\Temp\ccDaupTf.s:25     .text.HAL_DMAEx_MultiBufferStart:00000000 $t
C:\Users\ep_ygh\AppData\Local\Temp\ccDaupTf.s:31     .text.HAL_DMAEx_MultiBufferStart:00000000 HAL_DMAEx_MultiBufferStart
C:\Users\ep_ygh\AppData\Local\Temp\ccDaupTf.s:427    .text.DMA_MultiBufferSetConfig:00000000 DMA_MultiBufferSetConfig
C:\Users\ep_ygh\AppData\Local\Temp\ccDaupTf.s:166    .text.HAL_DMAEx_MultiBufferStart:000000b8 $d
C:\Users\ep_ygh\AppData\Local\Temp\ccDaupTf.s:171    .text.HAL_DMAEx_MultiBufferStart_IT:00000000 $t
C:\Users\ep_ygh\AppData\Local\Temp\ccDaupTf.s:177    .text.HAL_DMAEx_MultiBufferStart_IT:00000000 HAL_DMAEx_MultiBufferStart_IT
C:\Users\ep_ygh\AppData\Local\Temp\ccDaupTf.s:351    .text.HAL_DMAEx_MultiBufferStart_IT:00000108 $d
C:\Users\ep_ygh\AppData\Local\Temp\ccDaupTf.s:356    .text.HAL_DMAEx_ChangeMemory:00000000 $t
C:\Users\ep_ygh\AppData\Local\Temp\ccDaupTf.s:362    .text.HAL_DMAEx_ChangeMemory:00000000 HAL_DMAEx_ChangeMemory
C:\Users\ep_ygh\AppData\Local\Temp\ccDaupTf.s:422    .text.DMA_MultiBufferSetConfig:00000000 $t

UNDEFINED SYMBOLS
assert_failed
